<?xml version="1.0" encoding="UTF-8"?>
<!-- Generated by org.testng.reporters.JUnitReportReporter -->
<testsuite name="com.mavdemo.Demotest" tests="1" time="0.079" ignored="0" failures="0" timestamp="05 Mar 2017 16:54:35 GMT" skipped="0" hostname="Dope-PC" errors="0">
  <testcase name="testmav" time="0.079" classname="com.mavdemo.Demotest"/>
</testsuite> <!-- com.mavdemo.Demotest -->
