<?xml version="1.0" encoding="UTF-8"?>
<!-- Generated by org.testng.reporters.JUnitReportReporter -->
<testsuite name="com.mavdemo.LoginValidate" tests="1" time="23.013" ignored="0" failures="0" timestamp="26 Feb 2017 14:59:19 GMT" skipped="0" hostname="Dope-PC" errors="0">
  <testcase name="f" time="23.013" classname="com.mavdemo.LoginValidate"/>
</testsuite> <!-- com.mavdemo.LoginValidate -->
