<?xml version="1.0" encoding="UTF-8"?>
<!-- Generated by org.testng.reporters.JUnitReportReporter -->
<testsuite name="com.mavdemo.Demotest" tests="1" time="0.043" ignored="0" failures="0" timestamp="30 Apr 2017 06:33:20 GMT" skipped="0" hostname="Dope-PC" errors="0">
  <testcase name="testmav" time="0.043" classname="com.mavdemo.Demotest"/>
</testsuite> <!-- com.mavdemo.Demotest -->
